<?xml version="1.0" encoding="UTF-8"?>
<testsuites name="jest tests" tests="15" failures="1" errors="0" time="24.574">
  <testsuite name="tests-presets\presets-editor-properties.tests.ts" errors="0" failures="1" skipped="14" timestamp="2025-12-11T21:22:49" time="23.332" tests="15">
    <testcase classname=" Preset edit model, property grid, setup" name=" Preset edit model, property grid, setup" time="0">
      <skipped/>
    </testcase>
    <testcase classname=" Preset edit model, property grid, apply" name=" Preset edit model, property grid, apply" time="0">
      <skipped/>
    </testcase>
    <testcase classname=" Preset edit model, make general tab as second tab" name=" Preset edit model, make general tab as second tab" time="0">
      <skipped/>
    </testcase>
    <testcase classname=" Preset edit model, include columns types" name=" Preset edit model, include columns types" time="0">
      <skipped/>
    </testcase>
    <testcase classname=" Preset edit model, edit matrixdropdowncolumn@default" name=" Preset edit model, edit matrixdropdowncolumn@default" time="0">
      <skipped/>
    </testcase>
    <testcase classname=" Preset edit model, property grid &amp; matrixdropdowncolumn@checkbox" name=" Preset edit model, property grid &amp; matrixdropdowncolumn@checkbox" time="0">
      <skipped/>
    </testcase>
    <testcase classname=" Preset edit model, Set question name title&amp;description" name=" Preset edit model, Set question name title&amp;description" time="0">
      <skipped/>
    </testcase>
    <testcase classname=" Preset edit model, Keep description on deleting the question" name=" Preset edit model, Keep description on deleting the question" time="0">
      <skipped/>
    </testcase>
    <testcase classname=" Preset edit model, Change localization strings title&amp;description" name=" Preset edit model, Change localization strings title&amp;description" time="0">
      <skipped/>
    </testcase>
    <testcase classname=" Preset edit model, Change localization strings title&amp;description" name=" Preset edit model, Change localization strings title&amp;description" time="0">
      <skipped/>
    </testcase>
    <testcase classname=" Preset edit model, Property grid change the new category title and then name" name=" Preset edit model, Property grid change the new category title and then name" time="0">
      <skipped/>
    </testcase>
    <testcase classname=" Property import and defaults" name=" Property import and defaults" time="0">
      <skipped/>
    </testcase>
    <testcase classname=" Properties and applied presets" name=" Properties and applied presets" time="0">
      <skipped/>
    </testcase>
    <testcase classname=" Properties reset to defaults" name=" Properties reset to defaults" time="0">
      <skipped/>
    </testcase>
    <testcase classname=" Properties categories order" name=" Properties categories order" time="0.338">
      <failure>TypeError: Cannot read properties of undefined (reading &apos;classes&apos;)
    at SurveyQuestionPresetPropertiesDetail.classes [as updateCurrentJson] (C:\Projects\surveyjs\survey-creator\packages\survey-creator-core\src\presets\presets-editable-properties.ts:132:49)
    at updateCurrentJson (C:\Projects\surveyjs\survey-creator\packages\survey-creator-core\src\presets\presets-editable-properties.ts:444:25)
    at Array.forEach (&lt;anonymous&gt;)
    at CreatorPresetEditablePropertyGrid.forEach [as updateIndexesForAll] (C:\Projects\surveyjs\survey-creator\packages\survey-creator-core\src\presets\presets-editable-properties.ts:442:13)
    at CreatorPresetEditablePropertyGrid.updateIndexesForAll [as setupPageQuestions] (C:\Projects\surveyjs\survey-creator\packages\survey-creator-core\src\presets\presets-editable-properties.ts:338:10)
    at CreatorPresetEditablePropertyGrid.setupPageQuestions (C:\Projects\surveyjs\survey-creator\packages\survey-creator-core\src\presets\presets-editable-properties.ts:349:10)
    at CreatorPresetEditablePropertyGrid.setupQuestionsCore [as setupQuestions] (C:\Projects\surveyjs\survey-creator\packages\survey-creator-core\src\presets\presets-editable-base.ts:101:10)
    at setupQuestions (C:\Projects\surveyjs\survey-creator\packages\survey-creator-core\src\presets\presets-editor.ts:116:48)
    at Array.forEach (&lt;anonymous&gt;)
    at CreatorPresetEditorModel.forEach [as updateDataFromJson] (C:\Projects\surveyjs\survey-creator\packages\survey-creator-core\src\presets\presets-editor.ts:116:27)
    at CreatorPresetEditorModel.updateDataFromJson [as createModel] (C:\Projects\surveyjs\survey-creator\packages\survey-creator-core\src\presets\presets-editor.ts:143:23)
    at new createModel (C:\Projects\surveyjs\survey-creator\packages\survey-creator-core\src\presets\presets-editor.ts:44:28)
    at Object.&lt;anonymous&gt; (C:\Projects\surveyjs\survey-creator\packages\survey-creator-core\tests-presets\presets-editor-properties.tests.ts:522:18)
    at Promise.then.completed (C:\Projects\surveyjs\survey-creator\packages\survey-creator-core\node_modules\jest-circus\build\utils.js:298:28)
    at new Promise (&lt;anonymous&gt;)
    at callAsyncCircusFn (C:\Projects\surveyjs\survey-creator\packages\survey-creator-core\node_modules\jest-circus\build\utils.js:231:10)
    at _callCircusTest (C:\Projects\surveyjs\survey-creator\packages\survey-creator-core\node_modules\jest-circus\build\run.js:316:40)
    at _runTest (C:\Projects\surveyjs\survey-creator\packages\survey-creator-core\node_modules\jest-circus\build\run.js:252:3)
    at _runTestsForDescribeBlock (C:\Projects\surveyjs\survey-creator\packages\survey-creator-core\node_modules\jest-circus\build\run.js:126:9)
    at run (C:\Projects\surveyjs\survey-creator\packages\survey-creator-core\node_modules\jest-circus\build\run.js:71:3)
    at runAndTransformResultsToJestFormat (C:\Projects\surveyjs\survey-creator\packages\survey-creator-core\node_modules\jest-circus\build\legacy-code-todo-rewrite\jestAdapterInit.js:122:21)
    at jestAdapter (C:\Projects\surveyjs\survey-creator\packages\survey-creator-core\node_modules\jest-circus\build\legacy-code-todo-rewrite\jestAdapter.js:79:19)
    at runTestInternal (C:\Projects\surveyjs\survey-creator\packages\survey-creator-core\node_modules\jest-runner\build\runTest.js:367:16)
    at runTest (C:\Projects\surveyjs\survey-creator\packages\survey-creator-core\node_modules\jest-runner\build\runTest.js:444:34)</failure>
    </testcase>
  </testsuite>
</testsuites>